Constant Contact Exception -- December 4, 2012, 11:24:10pm
Constant Contact HTTP Request Exception: Error 409: Email address baustin@dppl.org is already a contact
Stack Trace: #0 /media/Storage/Web/www/dppl_website/tools/cc/Collections.php(202): CTCTRequest->makeRequest('https://api.con...', 'POST', '<?xml version="...')
#1 /media/Storage/Web/www/dppl_website/tools/cc/ConstantContact.php(112): ContactsCollection->addContact(Object(Contact))
#2 /media/Storage/Web/www/dppl_website/tools/cc/newsletter.php(27): ConstantContact->addContact(Object(Contact))
#3 {main}

Constant Contact Exception -- December 4, 2012, 11:40:37pm
Constant Contact HTTP Request Exception: Error 409: Email address baustin@dppl.org is already a contact
Stack Trace: #0 /media/Storage/Web/www/dppl_website/tools/cc/Collections.php(202): CTCTRequest->makeRequest('https://api.con...', 'POST', '<?xml version="...')
#1 /media/Storage/Web/www/dppl_website/tools/cc/ConstantContact.php(112): ContactsCollection->addContact(Object(Contact))
#2 /media/Storage/Web/www/dppl_website/tools/cc/newsletter.php(27): ConstantContact->addContact(Object(Contact))
#3 {main}

Constant Contact Exception -- December 4, 2012, 11:41:06pm
Constant Contact HTTP Request Exception: Error 409: Email address baustin@dppl.org is already a contact
Stack Trace: #0 /media/Storage/Web/www/dppl_website/tools/cc/Collections.php(202): CTCTRequest->makeRequest('https://api.con...', 'POST', '<?xml version="...')
#1 /media/Storage/Web/www/dppl_website/tools/cc/ConstantContact.php(112): ContactsCollection->addContact(Object(Contact))
#2 /media/Storage/Web/www/dppl_website/tools/cc/newsletter.php(27): ConstantContact->addContact(Object(Contact))
#3 {main}

Constant Contact Exception -- December 4, 2012, 11:49:36pm
Constant Contact HTTP Request Exception: Error 409: Email address baustin@dppl.org is already a contact
Stack Trace: #0 /media/Storage/Web/www/dppl_website/tools/cc/Collections.php(202): CTCTRequest->makeRequest('https://api.con...', 'POST', '<?xml version="...')
#1 /media/Storage/Web/www/dppl_website/tools/cc/ConstantContact.php(112): ContactsCollection->addContact(Object(Contact))
#2 /media/Storage/Web/www/dppl_website/tools/cc/newsletter.php(27): ConstantContact->addContact(Object(Contact))
#3 {main}

Constant Contact Exception -- December 4, 2012, 11:49:49pm
Constant Contact HTTP Request Exception: Error 409: Email address baustin@dppl.org is already a contact
Stack Trace: #0 /media/Storage/Web/www/dppl_website/tools/cc/Collections.php(202): CTCTRequest->makeRequest('https://api.con...', 'POST', '<?xml version="...')
#1 /media/Storage/Web/www/dppl_website/tools/cc/ConstantContact.php(112): ContactsCollection->addContact(Object(Contact))
#2 /media/Storage/Web/www/dppl_website/tools/cc/newsletter.php(27): ConstantContact->addContact(Object(Contact))
#3 {main}

Constant Contact Exception -- December 4, 2012, 11:50:16pm
Constant Contact HTTP Request Exception: Error 409: Email address baustin@dppl.org is already a contact
Stack Trace: #0 /media/Storage/Web/www/dppl_website/tools/cc/Collections.php(202): CTCTRequest->makeRequest('https://api.con...', 'POST', '<?xml version="...')
#1 /media/Storage/Web/www/dppl_website/tools/cc/ConstantContact.php(112): ContactsCollection->addContact(Object(Contact))
#2 /media/Storage/Web/www/dppl_website/tools/cc/newsletter.php(27): ConstantContact->addContact(Object(Contact))
#3 {main}

Constant Contact Exception -- December 4, 2012, 11:51:37pm
Constant Contact HTTP Request Exception: Error 409: Email address baustin@dppl.org is already a contact
Stack Trace: #0 /media/Storage/Web/www/dppl_website/tools/cc/Collections.php(202): CTCTRequest->makeRequest('https://api.con...', 'POST', '<?xml version="...')
#1 /media/Storage/Web/www/dppl_website/tools/cc/ConstantContact.php(112): ContactsCollection->addContact(Object(Contact))
#2 /media/Storage/Web/www/dppl_website/tools/cc/newsletter.php(27): ConstantContact->addContact(Object(Contact))
#3 {main}

Constant Contact Exception -- December 4, 2012, 11:51:53pm
Constant Contact HTTP Request Exception: Error 409: Email address baustin@dppl.org is already a contact
Stack Trace: #0 /media/Storage/Web/www/dppl_website/tools/cc/Collections.php(202): CTCTRequest->makeRequest('https://api.con...', 'POST', '<?xml version="...')
#1 /media/Storage/Web/www/dppl_website/tools/cc/ConstantContact.php(112): ContactsCollection->addContact(Object(Contact))
#2 /media/Storage/Web/www/dppl_website/tools/cc/newsletter.php(27): ConstantContact->addContact(Object(Contact))
#3 {main}

Constant Contact Exception -- December 5, 2012, 12:04:06am
Constant Contact HTTP Request Exception: Error 409: Email address dppl.web@gmail.com is already a contact
Stack Trace: #0 /media/Storage/Web/www/dppl_website/tools/cc/Collections.php(202): CTCTRequest->makeRequest('https://api.con...', 'POST', '<?xml version="...')
#1 /media/Storage/Web/www/dppl_website/tools/cc/ConstantContact.php(112): ContactsCollection->addContact(Object(Contact))
#2 /media/Storage/Web/www/dppl_website/tools/cc/newsletter.php(28): ConstantContact->addContact(Object(Contact))
#3 {main}

Constant Contact Exception -- December 5, 2012, 12:04:30am
Constant Contact HTTP Request Exception: Error 409: Email address dppl.web@gmail.com is already a contact
Stack Trace: #0 /media/Storage/Web/www/dppl_website/tools/cc/Collections.php(202): CTCTRequest->makeRequest('https://api.con...', 'POST', '<?xml version="...')
#1 /media/Storage/Web/www/dppl_website/tools/cc/ConstantContact.php(112): ContactsCollection->addContact(Object(Contact))
#2 /media/Storage/Web/www/dppl_website/tools/cc/newsletter.php(28): ConstantContact->addContact(Object(Contact))
#3 {main}

Constant Contact Exception -- December 5, 2012, 12:13:53am
Constant Contact HTTP Request Exception: Error 409: Email address dppl.website@gmail.com is already a contact
Stack Trace: #0 /media/Storage/Web/www/dppl_website/tools/cc/Collections.php(202): CTCTRequest->makeRequest('https://api.con...', 'POST', '<?xml version="...')
#1 /media/Storage/Web/www/dppl_website/tools/cc/ConstantContact.php(112): ContactsCollection->addContact(Object(Contact))
#2 /media/Storage/Web/www/dppl_website/tools/cc/newsletter.php(28): ConstantContact->addContact(Object(Contact))
#3 {main}

Constant Contact Exception -- December 5, 2012, 12:14:08am
Constant Contact HTTP Request Exception: Error 409: Email address dppl.website@gmail.com is already a contact
Stack Trace: #0 /media/Storage/Web/www/dppl_website/tools/cc/Collections.php(202): CTCTRequest->makeRequest('https://api.con...', 'POST', '<?xml version="...')
#1 /media/Storage/Web/www/dppl_website/tools/cc/ConstantContact.php(112): ContactsCollection->addContact(Object(Contact))
#2 /media/Storage/Web/www/dppl_website/tools/cc/newsletter.php(28): ConstantContact->addContact(Object(Contact))
#3 {main}

Constant Contact Exception -- February 13, 2013, 10:44:23pm
Constant Contact HTTP Request Exception: Error 409: Email address baustin@dppl.org is already a contact
Stack Trace: #0 /media/Storage/Web/www/dppl_website/tools/cc/Collections.php(202): CTCTRequest->makeRequest('https://api.con...', 'POST', '<?xml version="...')
#1 /media/Storage/Web/www/dppl_website/tools/cc/ConstantContact.php(112): ContactsCollection->addContact(Object(Contact))
#2 /media/Storage/Web/www/dppl_website/tools/cc/newsletter.php(28): ConstantContact->addContact(Object(Contact))
#3 {main}

Constant Contact Exception -- February 13, 2013, 10:46:51pm
Constant Contact HTTP Request Exception: Error 409: Email address baustin@dppl.org is already a contact
Stack Trace: #0 /media/Storage/Web/www/dppl_website/tools/cc/Collections.php(202): CTCTRequest->makeRequest('https://api.con...', 'POST', '<?xml version="...')
#1 /media/Storage/Web/www/dppl_website/tools/cc/ConstantContact.php(112): ContactsCollection->addContact(Object(Contact))
#2 /media/Storage/Web/www/dppl_website/tools/cc/newsletter.php(28): ConstantContact->addContact(Object(Contact))
#3 {main}

Constant Contact Exception -- February 13, 2013, 10:51:30pm
Constant Contact HTTP Request Exception: Error 409: Email address dppl.web@gmail.com is already a contact
Stack Trace: #0 /media/Storage/Web/www/dppl_website/tools/cc/Collections.php(202): CTCTRequest->makeRequest('https://api.con...', 'POST', '<?xml version="...')
#1 /media/Storage/Web/www/dppl_website/tools/cc/ConstantContact.php(112): ContactsCollection->addContact(Object(Contact))
#2 /media/Storage/Web/www/dppl_website/tools/cc/newsletter.php(28): ConstantContact->addContact(Object(Contact))
#3 {main}

Constant Contact Exception -- February 13, 2013, 11:45:04pm
Constant Contact HTTP Request Exception: Error 409: Email address brodie.austin@gmail.com is already a contact
Stack Trace: #0 /media/Storage/Web/www/dppl_website/tools/cc/Collections.php(202): CTCTRequest->makeRequest('https://api.con...', 'POST', '<?xml version="...')
#1 /media/Storage/Web/www/dppl_website/tools/cc/ConstantContact.php(112): ContactsCollection->addContact(Object(Contact))
#2 /media/Storage/Web/www/dppl_website/tools/cc/newsletter.php(28): ConstantContact->addContact(Object(Contact))
#3 {main}

Constant Contact Exception -- February 13, 2013, 11:45:38pm
Constant Contact HTTP Request Exception: Error 409: Email address brodie.austin@gmail.com is already a contact
Stack Trace: #0 /media/Storage/Web/www/dppl_website/tools/cc/Collections.php(202): CTCTRequest->makeRequest('https://api.con...', 'POST', '<?xml version="...')
#1 /media/Storage/Web/www/dppl_website/tools/cc/ConstantContact.php(112): ContactsCollection->addContact(Object(Contact))
#2 /media/Storage/Web/www/dppl_website/tools/cc/newsletter.php(28): ConstantContact->addContact(Object(Contact))
#3 {main}

Constant Contact Exception -- February 13, 2013, 11:47:23pm
Constant Contact HTTP Request Exception: Error 409: Email address baustin@dppl.org is already a contact
Stack Trace: #0 /media/Storage/Web/www/dppl_website/tools/cc/Collections.php(202): CTCTRequest->makeRequest('https://api.con...', 'POST', '<?xml version="...')
#1 /media/Storage/Web/www/dppl_website/tools/cc/ConstantContact.php(112): ContactsCollection->addContact(Object(Contact))
#2 /media/Storage/Web/www/dppl_website/tools/cc/newsletter.php(28): ConstantContact->addContact(Object(Contact))
#3 {main}

Constant Contact Exception -- February 13, 2013, 11:47:50pm
Constant Contact HTTP Request Exception: Error 409: Email address baustin@dppl.org is already a contact
Stack Trace: #0 /media/Storage/Web/www/dppl_website/tools/cc/Collections.php(202): CTCTRequest->makeRequest('https://api.con...', 'POST', '<?xml version="...')
#1 /media/Storage/Web/www/dppl_website/tools/cc/ConstantContact.php(112): ContactsCollection->addContact(Object(Contact))
#2 /media/Storage/Web/www/dppl_website/tools/cc/newsletter.php(28): ConstantContact->addContact(Object(Contact))
#3 {main}

